Tue Feb 16 2016 23:53:36 GMT+0800 (China Standard Time) | /folder | {} | ReferenceError: error is not defined
Tue Feb 16 2016 23:56:21 GMT+0800 (China Standard Time) | /folder | {} | ReferenceError: error is not defined
Tue Feb 16 2016 23:56:34 GMT+0800 (China Standard Time) | /folder | {} | ReferenceError: error is not defined
Tue Feb 16 2016 23:57:16 GMT+0800 (China Standard Time) | /folder | {} | ReferenceError: error is not defined
Tue Feb 16 2016 23:57:25 GMT+0800 (China Standard Time) | /folder | {} | ReferenceError: error is not defined
Tue Feb 16 2016 23:57:28 GMT+0800 (China Standard Time) | /folder | {} | ReferenceError: error is not defined
Tue Feb 16 2016 23:58:47 GMT+0800 (China Standard Time) | /folder | {} | ReferenceError: error is not defined
Wed Feb 17 2016 00:00:11 GMT+0800 (China Standard Time) | /folder | {} | ReferenceError: error is not defined
Wed Feb 17 2016 00:03:03 GMT+0800 (China Standard Time) | /folder | {} | ReferenceError: error is not defined
Wed Feb 17 2016 00:05:45 GMT+0800 (China Standard Time) | /folder | {} | ReferenceError: error is not defined
Wed Feb 17 2016 00:06:51 GMT+0800 (China Standard Time) | /folder | {} | ReferenceError: error is not defined
Wed Feb 17 2016 00:07:36 GMT+0800 (China Standard Time) | /folder | {} | ReferenceError: error is not defined
Wed Feb 17 2016 00:07:40 GMT+0800 (China Standard Time) | /folder | {} | ReferenceError: error is not defined
Wed Feb 17 2016 00:07:45 GMT+0800 (China Standard Time) | /folder | {} | ReferenceError: error is not defined
Wed Feb 17 2016 00:08:49 GMT+0800 (China Standard Time) | /folder | {} | ReferenceError: error is not defined
Wed Feb 17 2016 00:09:11 GMT+0800 (China Standard Time) | /folder | {} | ReferenceError: error is not defined
Wed Feb 17 2016 00:09:25 GMT+0800 (China Standard Time) | /folder | {} | ReferenceError: error is not defined
Wed Feb 17 2016 00:09:54 GMT+0800 (China Standard Time) | /folder | {} | ReferenceError: error is not defined
Wed Feb 17 2016 00:09:58 GMT+0800 (China Standard Time) | /folder | {} | ReferenceError: error is not defined
Fri Feb 19 2016 17:01:34 GMT+0800 (China Standard Time) | /templates/e880dc36b0ecdc1da7f0ca7309cf40e9/1-2588e8660001a3d2ab7c738a546bf5ff | {} | ReferenceError: error is not defined
Fri Feb 19 2016 17:03:15 GMT+0800 (China Standard Time) | /templates/e880dc36b0ecdc1da7f0ca7309cf40e9/2-d4582ad1ff572ac94ebab87e6cf4233d | {} | ReferenceError: error is not defined
Fri Feb 19 2016 19:09:55 GMT+0800 (China Standard Time) | /templates/568d7de73227c9400013e0c7/17-ba7ea558bb9819d8e237770735374a53 | {} | ReferenceError: error is not defined
Tue Feb 23 2016 21:35:00 GMT+0800 (China Standard Time) | /image/upload | {} | TypeError: first argument must be a string or Buffer
Tue Feb 23 2016 22:05:12 GMT+0800 (China Standard Time) | /image/upload | {} | TypeError: first argument must be a string or Buffer
Tue Feb 23 2016 22:06:29 GMT+0800 (China Standard Time) | /image/upload | {} | TypeError: first argument must be a string or Buffer
Tue Feb 23 2016 22:13:13 GMT+0800 (China Standard Time) | /image/upload | {} | TypeError: first argument must be a string or Buffer
Tue Feb 23 2016 22:14:25 GMT+0800 (China Standard Time) | /image/upload | {} | TypeError: first argument must be a string or Buffer
Wed Feb 24 2016 14:38:51 GMT+0800 (China Standard Time) | /image | {} | TypeError: Cannot read property 'length' of undefined
Wed Feb 24 2016 14:39:11 GMT+0800 (China Standard Time) | /image | {} | TypeError: Cannot read property 'length' of undefined
Wed Feb 24 2016 14:40:33 GMT+0800 (China Standard Time) | /image | {} | TypeError: Cannot read property 'length' of undefined
Wed Feb 24 2016 14:41:46 GMT+0800 (China Standard Time) | /image | {} | TypeError: Cannot read property 'length' of undefined
Wed Feb 24 2016 14:44:18 GMT+0800 (China Standard Time) | /image | {} | TypeError: Cannot read property 'length' of undefined
Wed Feb 24 2016 16:58:56 GMT+0800 (China Standard Time) | /image/upload | {"_id":"_design/public","_rev":"28-627c12621fec7d7365ad48ad828bf87e","folder":"public"} | ReferenceError: string is not defined
Wed Feb 24 2016 17:01:07 GMT+0800 (China Standard Time) | /image/upload | {"_id":"_design/public","_rev":"28-627c12621fec7d7365ad48ad828bf87e","folder":"public"} | ReferenceError: string is not defined
Tue Mar 01 2016 17:00:06 GMT+0800 (China Standard Time) | /folder/undefined/undefined | {} | ReferenceError: error is not defined
Wed Mar 02 2016 14:39:23 GMT+0800 (China Standard Time) | /templates/88d6619a8b20bac73ad601ffed89cf2a/1-28bb2bd7715aa609ab216533973ba1bc | {} | ReferenceError: error is not defined
Wed Mar 02 2016 14:39:42 GMT+0800 (China Standard Time) | /templates/88d6619a8b20bac73ad601ffed89cf2a/1-28bb2bd7715aa609ab216533973ba1bc | {} | ReferenceError: error is not defined
Sun Mar 06 2016 00:47:02 GMT+0800 (China Standard Time) | /templates/b0e4a88063c30ad8bf82f96310125c3b/1-13c1783351d2b069721f8a5491d159f7 | {} | ReferenceError: error is not defined
Sun Mar 06 2016 00:47:29 GMT+0800 (China Standard Time) | /templates/955dc690c93a97946f0093b5670f5327/1-6a3c6a1636387acbe48905c3bcf0fe28 | {} | ReferenceError: error is not defined
Sun Mar 06 2016 00:49:56 GMT+0800 (China Standard Time) | /templates/c9409d36684cb36835195b1bc39cc3b8/1-13c1783351d2b069721f8a5491d159f7 | {} | ReferenceError: error is not defined
